Arguments: 
  D:\Software\nodejs\node.exe D:\Software\yarn\bin\yarn.js add styled-components

PATH: 
  D:\Software\cmder\vendor\git-for-windows\mingw64\bin;D:\Software\cmder\vendor\git-for-windows\usr\bin;C:\Users\Administrator\bin;D:\Projects\tea-culture\node_modules\.bin;C:\WINDOWS\system32;C:\WINDOWS;C:\WINDOWS\System32\Wbem;C:\WINDOWS\System32\WindowsPowerShell\v1.0;C:\WINDOWS\System32\OpenSSH;D:\Software\nodejs;D:\Software\yarn\bin;C:\Program Files\Git\cmd;C:\Users\Administrator\AppData\Local\Microsoft\WindowsApps;D:\Software;D:\Software\Microsoft VS Code\bin;C:\Users\Administrator\AppData\Roaming\npm;D:\Software\WebStorm 2021.1.1\bin

Yarn version: 
  1.22.5

Node version: 
  14.16.1

Platform: 
  win32 x64

Trace: 
  Error: EPERM: operation not permitted, unlink 'D:\Projects\tea-culture\node_modules\esbuild\esbuild.exe'

npm manifest: 
  {
    "version": "0.0.0",
    "scripts": {
      "dev": "vite",
      "build": "tsc && vite build",
      "serve": "vite preview"
    },
    "dependencies": {
      "react": "^17.0.0",
      "react-dom": "^17.0.0"
    },
    "devDependencies": {
      "@types/react": "^17.0.0",
      "@types/react-dom": "^17.0.0",
      "@vitejs/plugin-react-refresh": "^1.3.1",
      "typescript": "^4.3.2",
      "vite": "^2.3.7"
    }
  }

yarn manifest: 
  No manifest

Lockfile: 
  No lockfile
